VstoneMagic Build&Execute Message Log
BuildStart time:2017/10/27 17:02:41
ãƒ“ãƒ«ãƒ‰ã®æ›´æ–°ãŒã‚ã‚Šã¾ã›ã‚“ã€‚


jarãƒ•ã‚¡ã‚¤ãƒ«ã®ä½œæˆ


jarãƒ•ã‚¡ã‚¤ãƒ«ã®æ›´æ–°ã¯ã‚ã‚Šã¾ã›ã‚“


é€ä¿¡ãƒ•ã‚¡ã‚¤ãƒ«ã®ä¸Šæ›¸ãç¢ºèª

ã‚¹ã‚¿ãƒ¼ãƒˆã‚¢ãƒƒãƒ—ã‚¢ãƒ—ãƒªã‚±ãƒ¼ã‚·ãƒ§ãƒ³ã®åœæ­¢
echo "STOP_STARTUP" > /home/vstone/vstonemagic/menu.fifoãƒ­ãƒœãƒƒãƒˆã®SFTPã¸æ¥ç¶šã—ã¾ã™ã€‚
192.168.1.37@root
.....


ãƒ•ã‚¡ã‚¤ãƒ«ã®è»¢é€
ãƒ­ãƒœãƒƒãƒˆã«ãƒ•ã‚¡ã‚¤ãƒ«ã‚’è»¢é€ã—ã¾ã™ã€‚
Connect to 192.168.1.37@root...æ¥ç¶šã—ã¾ã—ãŸã€‚
ãƒ•ã‚¡ã‚¤ãƒ«ã®è»¢é€ã‚’é–‹å§‹ã—ã¾ã™ã€‚
No send:'C:\Users\shun\Documents\Health_management\jar\twitter4j-async-4.0.4.jar'
No send:'C:\Users\shun\Documents\Health_management\jar\twitter4j-core-4.0.4.jar'
No send:'C:\Users\shun\Documents\Health_management\jar\twitter4j-media-support-4.0.4.jar'
No send:'C:\Users\shun\Documents\Health_management\jar\twitter4j-stream-4.0.4.jar'
Send':'Health_management.jar' completed


ã‚¢ãƒ—ãƒªã‚±ãƒ¼ã‚·ãƒ§ãƒ³ç™»éŒ²ç”¨ã®ã‚¢ãƒ¼ã‚«ã‚¤ãƒ–ãƒ•ã‚¡ã‚¤ãƒ«ã‚’ä½œæˆ
.....
ãƒ“ãƒ«ãƒ‰ãŒå®Œäº†ã—ã¾ã—ãŸã€‚


jarãƒ•ã‚¡ã‚¤ãƒ«ã®å®Ÿè¡Œ
ãƒ­ãƒœãƒƒãƒˆã®SSHã¸æ¥ç¶šã—ã¾ã™ã€‚
192.168.1.37@root
java -Dfile.encoding=UTF8 -Djava.library.path=/usr/local/share/OpenCV/java/  -Xdebug -Xrunjdwp:transport=dt_socket,server=y,address=8765 -jar Health_management.jar 2>&1 &ãƒ•ã‚¡ã‚¤ãƒ«ã®è»¢é€ãŒå®Œäº†ã—ã¾ã—ãŸã€‚java -Dfile.encoding=UTF8 -Djava.library.path=/usr/local/share/OpenCV/java/  -Xdebug -Xrunjdwp:transport=dt_socket,server=y,address=8765 -jar Health_management.jar 2>&1 &
[1;32mroot@edison:~$[m java -Dfile.encoding=UTF8 -Djava.library.path=/usr/local/share/OpenCV/java/  -Xdebug -Xrunjdwp:transport=dt_socket,server=y,address=8765 -jar Health_management.jar 2>&1 &
[1] 757
[1;32mroot@edison:~$[m Listening for transport dt_socket at address: 8765
ãƒ‡ãƒãƒƒã‚°ã®æº–å‚™ãŒã§ãã¾ã—ãŸã€‚

jdbã®å®Ÿè¡Œ
ãƒ‡ãƒãƒƒã‚¬ã‚’èµ·å‹•ã—ã¾ã™ã€‚
C:\Program Files (x86)\VstoneMagic\jdk\bin\jdb.exe -connect com.sun.jdi.SocketAttach:hostname=192.168.1.37,port=8765
æ•æ‰ã•ã‚Œãªã„java.lang.Throwableã®è¨­å®šé…å»¶ã—ãŸæ•æ‰ã•ã‚Œãªã„java.lang.Throwableã®è¨­å®šjdbã®åˆæœŸåŒ–ä¸­...ãƒ‡ãƒãƒƒã‚°å®Ÿè¡Œã®ã‚¹ã‚¿ãƒ³ãƒã‚¤ãŒã§ãã¾ã—ãŸã€‚
> VMãŒé–‹å§‹ã•ã‚Œã¾ã—ãŸ: ç¾åœ¨ã®ã‚³ãƒ¼ãƒ«ãƒ»ã‚¹ã‚¿ãƒƒã‚¯ã«ãƒ•ãƒ¬ãƒ¼ãƒ ãŒã‚ã‚Šã¾ã›ã‚“[Info][CRoboCamera]class jp.vstone.RobotLib.CSotaMotion
[Info][SpeechRecog]SpeechRecog
[Info][CRobotSock]Connected server
[Info][CRobotMotion]MasterCtrlPeriod 16666
[Info][CRoboCamera]StartTask MODE_FACE_TRACK
[Info][CRoboCamera]openCapture
/home/vstone/pux_faceu/bin/ROMfiles/PFID_dict_feature_ha2.bin
[Info][CRoboCamera]Strat FaceDetectTask 13
[Info][MotionAsSotaWish][Say][scene:talk]ã“ã‚“ã«ã¡ã¯ã€ãŠåå‰ã¯
[Info][TextToSpeechSota][TTS_USE_CACHE] /var/sota/tts//1507021602943.wav
[Info][CPlayWave]Play /var/sota/tts//1507021602943.wav
[Info][CPlayWave]isEdison
[Info][CPlayWave]play------- 794
[Info][MotionAsSotaWish]play 2192
[Info][MotionAsSotaWish][play][talk] [1792sec]
[Info][CPlayWave]removeShutdownHook
[Info][SpeechRecog][getRecognition][Score:0.6709448099136353]è¨€
[Info][SpeechRecog][getRecognition][Score:0.7976875901222229]ã‚´ãƒˆ
[Info][SpeechRecog][getRecognition][Score:0.6810858845710754]ã”ã¨
[Info][SpeechRecog][getRecognition][Score:0.6716927289962769]ã“ã¨
[Info][SpeechRecog][getRecognition][Score:0.673940896987915]å¾Œè—¤
[Info][SpeechRecog][getRecognition][Score:0.6796242594718933]äº‹
[Info][SpeechRecog]getName
[Info][MotionAsSotaWish][Say][scene:talk]ã‚´ãƒˆã‚¦ã•ã‚“ã ã­ï¼
[Info][TextToSpeechSota][TTS_USE_CACHE] /var/sota/tts//1508133490835.wav
[Info][CPlayWave]Play /var/sota/tts//1508133490835.wav
[Info][CPlayWave]isEdison
[Info][CPlayWave]play------- 850
[Info][MotionAsSotaWish]play 1341
[Info][MotionAsSotaWish][play][talk] [941sec]
[Info][MotionAsSotaWish][Say][scene:talk]ã‚´ãƒˆã‚¦ã•ã‚“ã®ä½“æ¸©ã¯ä½•åº¦ï¼Ÿ
[Info][TextToSpeechSota][TTS_USE_CACHE] /var/sota/tts//1508133505239.wav
[Info][CPlayWave]Play /var/sota/tts//1508133505239.wav
[Info][CPlayWave]isEdison
[Info][CPlayWave]play------- 877
[Info][MotionAsSotaWish]play 2542
[Info][MotionAsSotaWish][play][talk] [2142sec]
[Info][CPlayWave]removeShutdownHook
[Info][CPlayWave]removeShutdownHook
[Info][SpeechRecog][getRecognition][Score:0.8168241182963053]ä¸‰åãªã‚‰
[Info][SpeechRecog][getRecognition][Score:0.8163755734761555]ä¸‰åç”·
[Info][SpeechRecog][getRecognition][Score:0.8240545590718586]ä¸‰åå¥ˆè‰¯
[Info][SpeechRecog][getRecognition][Score:0.815728743871053]ä¸‰åãªã†
[Info][SpeechRecog][getRecognition][Score:0.9632291793823242]ä¸‰åä¸ƒ
[Info][SpeechRecog][getRecognition][Score:0.8258744875590006]ä¸‰é‡ä¸ƒ
[Info][SpeechRecog][getRecognition][Score:0.6866997877756754]ä¸‰é‡å¥ˆè‰¯
[Info][MotionAsSotaWish][Say][scene:talk]ï¼“ï¼—åº¦ãƒŠãƒ³ãƒ–ï¼Ÿ
[Info][TextToSpeechSota][get:ï¼“ï¼—åº¦ãƒŠãƒ³ãƒ–ï¼Ÿ][speechRate:11][pitch:13]][intonation:11]
[Info][CPlayWave]Play /dev/shm/wavtemptts0.wav
[Info][CPlayWave]isEdison
[Info][CPlayWave]play------- 926
[Info][MotionAsSotaWish]play 1803
[Info][MotionAsSotaWish][play][talk] [1403sec]
[Info][CPlayWave]removeShutdownHook
[Info][SpeechRecog][getRecognition][Score:0.7077309290568033]â‘¢
[Info][SpeechRecog][getRecognition][Score:0.6935907204945881]ï½“ï½•ï½
[Info][SpeechRecog][getRecognition][Score:0.6775253613789876]ç‡¦
[Info][SpeechRecog][getRecognition][Score:0.786166508992513]ã•ã‚“
[Info][SpeechRecog][getRecognition][Score:0.6966230074564616]ã‚µãƒ³
[Info][SpeechRecog][getRecognition][Score:0.6751900513966878]é…¸
[Info][SpeechRecog][getRecognition][Score:0.739049752553304]ä¸‰
[Info][SpeechRecog][getRecognition][Score:0.6751978397369385]ï½“ï½ï½
[Info][SpeechRecog][getRecognition][Score:0.6822590827941895]ï½“ï½ï½
ã‚´ãƒˆã‚¦ã•ã‚“ã®ä½“æ¸©ã¯ï¼Œä¸‰åä¸ƒ.ã•ã‚“â„ƒ ã§ã™ï¼
ã‚´ãƒˆã‚¦ã•ã‚“ã®ä½“æ¸©ã¯ï¼Œ37.0â„ƒ ã§ã™ï¼
[Info][MotionAsSotaWish][Say][scene:talk]ã‚´ãƒˆã‚¦ã•ã‚“ã®ä½“æ¸©ã¯ï¼Œ37.0â„ƒ ã§ã™ï¼
[Info][TextToSpeechSota][get:ã‚´ãƒˆã‚¦ã•ã‚“ã®ä½“æ¸©ã¯ï¼Œ37.0â„ƒ ã§ã™ï¼][speechRate:11][pitch:13]][intonation:11]
[Info][CPlayWave]Play /dev/shm/wavtemptts1.wav
[Info][CPlayWave]isEdison
[Info][CPlayWave]play------- 1033
[Info][MotionAsSotaWish]play 3747
[Info][MotionAsSotaWish][play][talk] [3347sec]
[Info][MotionAsSotaWish][Say][scene:talk]ã“ã‚“ã«ã¡ã¯ã€ãŠåå‰ã¯
[Info][TextToSpeechSota][TTS_USE_CACHE] /var/sota/tts//1507021602943.wav
[Info][CPlayWave]Play /var/sota/tts//1507021602943.wav
[Info][CPlayWave]isEdison
[Info][CPlayWave]play------- 1133
[Info][MotionAsSotaWish]play 2192
[Info][MotionAsSotaWish][play][talk] [1792sec]
[Info][CPlayWave]removeShutdownHook
[Info][CPlayWave]removeShutdownHook

kill ` jps|grep "^[0-9]\+ jar" |awk '{print $1}'`ä¸­æ–­ã—ã¾ã™ã€‚
exit
[1;32mroot@edison:~$[m 
[1;32mroot@edison:~$[m kill ` jpsmain[1] > |grep "^[0-9]Listening for transport dt_socket at address: 8765
\+ jar" |awk '{print $1}'`

ãƒ­ãƒœãƒƒãƒˆã¨ã®é€šä¿¡ã‚’åˆ‡æ–­ã—ã¾ã—ãŸã€‚
