VstoneMagic Build&Execute Message Log
BuildStart time:2017/06/29 15:35:18
ãƒ“ãƒ«ãƒ‰ã‚’é–‹å§‹ã—ã¾ã™ã€‚
C:\Program Files (x86)\VstoneMagic\jdk\bin\javac.exe  -d "C:\Users\shun\Desktop\SotaWork\Health_management (2)\Health_management\bin"  -g  -cp ".;C:\Users\shun\VstoneMagicData\jar\core-2.2.jar;C:\Users\shun\VstoneMagicData\jar\gson-2.6.1.jar;C:\Users\shun\VstoneMagicData\jar\javase-2.2.jar;C:\Users\shun\VstoneMagicData\jar\jna-4.1.0.jar;C:\Users\shun\VstoneMagicData\jar\opencv-310.jar;C:\Users\shun\VstoneMagicData\jar\sotalib.jar;C:\Users\shun\VstoneMagicData\jar\SRClientHelper.jar;C:\Users\shun\VstoneMagicData\jar\twitter4j-async-4.0.4.jar;C:\Users\shun\VstoneMagicData\jar\twitter4j-core-4.0.4.jar;C:\Users\shun\VstoneMagicData\jar\twitter4j-examples-4.0.4.jar;C:\Users\shun\VstoneMagicData\jar\twitter4j-media-support-4.0.4.jar;C:\Users\shun\VstoneMagicData\jar\twitter4j-stream-4.0.4.jar"  -encoding UTF-8 "C:\Users\shun\Desktop\SotaWork\Health_management (2)\Health_management\src\main\main.java" "C:\Users\shun\Desktop\SotaWork\Health_management (2)\Health_management\src\jp\co\mysota\mymain.java" 

æ­£å¸¸ã«ã‚³ãƒ³ãƒ‘ã‚¤ãƒ«ã§ãã¾ã—ãŸã€‚

jarãƒ•ã‚¡ã‚¤ãƒ«ã®ä½œæˆ
ãƒãƒ‹ãƒ•ã‚§ã‚¹ãƒˆãƒ•ã‚¡ã‚¤ãƒ«ã‚’ä½œæˆã—ã¾ã™ã€‚
jarãƒ•ã‚¡ã‚¤ãƒ«ã‚’ä½œæˆã—ã¾ã™ã€‚
C:\Program Files (x86)\VstoneMagic\jdk\bin\jar.exe cvfm Health_management.jar Manifest.mf main jp\co\mysota
ãƒãƒ‹ãƒ•ã‚§ã‚¹ãƒˆãŒè¿½åŠ ã•ã‚Œã¾ã—ãŸ
main/ã‚’è¿½åŠ ä¸­ã§ã™(å…¥=0)(å‡º=0)(0%æ ¼ç´ã•ã‚Œã¾ã—ãŸ)
main/main$GlobalVariable.classã‚’è¿½åŠ ä¸­ã§ã™(å…¥=1536)(å‡º=753)(50%åç¸®ã•ã‚Œã¾ã—ãŸ)
main/main.classã‚’è¿½åŠ ä¸­ã§ã™(å…¥=2189)(å‡º=1189)(45%åç¸®ã•ã‚Œã¾ã—ãŸ)
jp/co/mysota/ã‚’è¿½åŠ ä¸­ã§ã™(å…¥=0)(å‡º=0)(0%æ ¼ç´ã•ã‚Œã¾ã—ãŸ)
jp/co/mysota/mymain.classã‚’è¿½åŠ ä¸­ã§ã™(å…¥=10015)(å‡º=3916)(60%åç¸®ã•ã‚Œã¾ã—ãŸ)

jarãƒ•ã‚¡ã‚¤ãƒ«ã‚’ä½œæˆã—ã¾ã—ãŸã€‚

é€ä¿¡ãƒ•ã‚¡ã‚¤ãƒ«ã®ä¸Šæ›¸ãç¢ºèª

ã‚¹ã‚¿ãƒ¼ãƒˆã‚¢ãƒƒãƒ—ã‚¢ãƒ—ãƒªã‚±ãƒ¼ã‚·ãƒ§ãƒ³ã®åœæ­¢
echo "STOP_STARTUP" > /home/vstone/vstonemagic/menu.fifoãƒ­ãƒœãƒƒãƒˆã®SFTPã¸æ¥ç¶šã—ã¾ã™ã€‚
192.168.1.17@root
.


ãƒ•ã‚¡ã‚¤ãƒ«ã®è»¢é€
ãƒ­ãƒœãƒƒãƒˆã«ãƒ•ã‚¡ã‚¤ãƒ«ã‚’è»¢é€ã—ã¾ã™ã€‚
Connect to 192.168.1.17@root...æ¥ç¶šã—ã¾ã—ãŸã€‚
ãƒ•ã‚¡ã‚¤ãƒ«ã®è»¢é€ã‚’é–‹å§‹ã—ã¾ã™ã€‚
Send':'Health_management.jar' completed


ã‚¢ãƒ—ãƒªã‚±ãƒ¼ã‚·ãƒ§ãƒ³ç™»éŒ²ç”¨ã®ã‚¢ãƒ¼ã‚«ã‚¤ãƒ–ãƒ•ã‚¡ã‚¤ãƒ«ã‚’ä½œæˆ
.
ãƒ“ãƒ«ãƒ‰ãŒå®Œäº†ã—ã¾ã—ãŸã€‚


jarãƒ•ã‚¡ã‚¤ãƒ«ã®å®Ÿè¡Œ
ãƒ­ãƒœãƒƒãƒˆã®SSHã¸æ¥ç¶šã—ã¾ã™ã€‚
192.168.1.17@root
java -Dfile.encoding=UTF8 -Djava.library.path=/usr/local/share/OpenCV/java/  -Xdebug -Xrunjdwp:transport=dt_socket,server=y,address=8765 -jar Health_management.jar 2>&1 &ãƒ•ã‚¡ã‚¤ãƒ«ã®è»¢é€ãŒå®Œäº†ã—ã¾ã—ãŸã€‚java -Dfile.encoding=UTF8 -Djava.library.path=/usr/local/share/OpenCV/java/  -Xdebug -Xrunjdwp:transport=dt_socket,server=y,address=8765 -jar Health_management.jar 2>&1 &
[1;32mroot@edison:~$[m java -Dfile.encoding=UTF8 -Djava.library.path=/usr/local/share/OpenCV/java/  -Xdebug -Xrunjdwp:transport=dt_socket,server=y,address=8765 -jar Health_management.jar 2>&1 &
[1] 7569
[1;32mroot@edison:~$[m ãƒ‡ãƒãƒƒã‚°ã®æº–å‚™ãŒã§ãã¾ã—ãŸã€‚

jdbã®å®Ÿè¡Œ
ãƒ‡ãƒãƒƒã‚¬ã‚’èµ·å‹•ã—ã¾ã™ã€‚
C:\Program Files (x86)\VstoneMagic\jdk\bin\jdb.exe -connect com.sun.jdi.SocketAttach:hostname=192.168.1.17,port=8765
Listening for transport dt_socket at address: 8765
æ•æ‰ã•ã‚Œãªã„java.lang.Throwableã®è¨­å®šé…å»¶ã—ãŸæ•æ‰ã•ã‚Œãªã„java.lang.Throwableã®è¨­å®šjdbã®åˆæœŸåŒ–ä¸­...ãƒ‡ãƒãƒƒã‚°å®Ÿè¡Œã®ã‚¹ã‚¿ãƒ³ãƒã‚¤ãŒã§ãã¾ã—ãŸã€‚
> VMãŒé–‹å§‹ã•ã‚Œã¾ã—ãŸ: ç¾åœ¨ã®ã‚³ãƒ¼ãƒ«ãƒ»ã‚¹ã‚¿ãƒƒã‚¯ã«ãƒ•ãƒ¬ãƒ¼ãƒ ãŒã‚ã‚Šã¾ã›ã‚“[Info][CRoboCamera]class jp.vstone.RobotLib.CSotaMotion
[Info][SpeechRecog]SpeechRecog
[Info][CRobotSock]Connected server
[Info][CRobotMotion]MasterCtrlPeriod 16666
[Info][CRoboCamera]StartTask MODE_FACE_TRACK
[Info][CRoboCamera]openCapture
/home/vstone/pux_faceu/bin/ROMfiles/PFID_dict_feature_ha2.bin
[Info][CRoboCamera]Strat FaceDetectTask 14
[Info][MotionAsSotaWish][Say][scene:talk]ã“ã‚“ã«ã¡ã¯ã€ãŠåå‰ã¯
[Info][TextToSpeechSota][TTS_USE_CACHE] /var/sota/tts//1498716743174.wav
[Info][CPlayWave]Play /var/sota/tts//1498716743174.wav
[Info][CPlayWave]isEdison
[Info][CPlayWave]play------- 7605
[Info][MotionAsSotaWish]play 2192
[Info][MotionAsSotaWish][play][talk] [1792sec]
[Info][SpeechRecog][getRecognition][Score:0.5985745191574097]ãƒãƒ¼ãƒˆã†
[Info][SpeechRecog][getRecognition][Score:0.6485998630523682]å¾Œè—¤
[Info][SpeechRecog][getRecognition][Score:0.6354217529296875]ãƒãƒ¼ãƒˆ
[Info][SpeechRecog][getRecognition][Score:0.6117526292800903]å¾Œè—¤ã†
[Info][SpeechRecog][getRecognition][Score:0.6125639081001282]èƒ½ç™»ã†
[Info][SpeechRecog][getRecognition][Score:0.649411141872406]èƒ½ç™»
[Info][SpeechRecog]getName
[Info][MotionAsSotaWish][Say][scene:talk]ã‚´ãƒˆã‚¦ã•ã‚“ã ã­ï¼
[Info][TextToSpeechSota][get:ã‚´ãƒˆã‚¦ã•ã‚“ã ã­ï¼][speechRate:11][pitch:13]][intonation:11]
[Info][CPlayWave]Play /dev/shm/wavtemptts0.wav
[Info][CPlayWave]isEdison
[Info][CPlayWave]play------- 9736
[Info][MotionAsSotaWish]play 1341
[Info][MotionAsSotaWish][play][talk] [941sec]
[Info][MotionAsSotaWish][Say][scene:talk]ã‚´ãƒˆã‚¦ã•ã‚“ã®ä½“æ¸©ã¯ä½•åº¦ï¼Ÿ
[Info][TextToSpeechSota][get:ã‚´ãƒˆã‚¦ã•ã‚“ã®ä½“æ¸©ã¯ä½•åº¦ï¼Ÿ][speechRate:11][pitch:13]][intonation:11]
[Info][CPlayWave]Play /dev/shm/wavtemptts1.wav
[Info][CPlayWave]isEdison
[Info][CPlayWave]play------- 9755
[Info][MotionAsSotaWish]play 2542
[Info][MotionAsSotaWish][play][talk] [2142sec]

kill ` jps|grep "^[0-9]\+ jar" |awk '{print $1}'`Listening for transport dt_socket at address: 8765ä¸­æ–­ã—ã¾ã™ã€‚
exit

[1;32mroot@edison:~$[m main[1] > 
[1;32mroot@edison:~$[m kill ` jps|grep "^[0-9]\+ jar" |awk '{print $1}'`

ãƒ­ãƒœãƒƒãƒˆã¨ã®é€šä¿¡ã‚’åˆ‡æ–­ã—ã¾ã—ãŸã€‚
failed in sendDebugCommand:quit
StandardIn ãŒãƒªãƒ€ã‚¤ãƒ¬ã‚¯ãƒˆã•ã‚Œã¦ã„ã¾ã›ã‚“ã€‚