VstoneMagic Build&Execute Message Log
BuildStart time:2017/05/08 17:45:22
ãƒ“ãƒ«ãƒ‰ã‚’é–‹å§‹ã—ã¾ã™ã€‚
C:\Program Files (x86)\VstoneMagic\jdk\bin\javac.exe  -d "C:\Users\shun\Desktop\SotaWork\Health_management\bin"  -g  -cp ".;C:\Users\shun\VstoneMagicData\jar\core-2.2.jar;C:\Users\shun\VstoneMagicData\jar\gson-2.6.1.jar;C:\Users\shun\VstoneMagicData\jar\javase-2.2.jar;C:\Users\shun\VstoneMagicData\jar\jna-4.1.0.jar;C:\Users\shun\VstoneMagicData\jar\opencv-310.jar;C:\Users\shun\VstoneMagicData\jar\sotalib.jar;C:\Users\shun\VstoneMagicData\jar\SRClientHelper.jar"  -encoding UTF-8 "C:\Users\shun\Desktop\SotaWork\Health_management\src\main\main.java" "C:\Users\shun\Desktop\SotaWork\Health_management\src\jp\co\mysota\mymain.java" 

æ­£å¸¸ã«ã‚³ãƒ³ãƒ‘ã‚¤ãƒ«ã§ãã¾ã—ãŸã€‚

jarãƒ•ã‚¡ã‚¤ãƒ«ã®ä½œæˆ
ãƒãƒ‹ãƒ•ã‚§ã‚¹ãƒˆãƒ•ã‚¡ã‚¤ãƒ«ã‚’ä½œæˆã—ã¾ã™ã€‚
jarãƒ•ã‚¡ã‚¤ãƒ«ã‚’ä½œæˆã—ã¾ã™ã€‚
C:\Program Files (x86)\VstoneMagic\jdk\bin\jar.exe cvfm Health_management.jar Manifest.mf main jp\co\mysota
ãƒãƒ‹ãƒ•ã‚§ã‚¹ãƒˆãŒè¿½åŠ ã•ã‚Œã¾ã—ãŸ
main/ã‚’è¿½åŠ ä¸­ã§ã™(å…¥=0)(å‡º=0)(0%æ ¼ç´ã•ã‚Œã¾ã—ãŸ)
main/main$GlobalVariable.classã‚’è¿½åŠ ä¸­ã§ã™(å…¥=1536)(å‡º=753)(50%åç¸®ã•ã‚Œã¾ã—ãŸ)
main/main.classã‚’è¿½åŠ ä¸­ã§ã™(å…¥=2189)(å‡º=1189)(45%åç¸®ã•ã‚Œã¾ã—ãŸ)
jp/co/mysota/ã‚’è¿½åŠ ä¸­ã§ã™(å…¥=0)(å‡º=0)(0%æ ¼ç´ã•ã‚Œã¾ã—ãŸ)
jp/co/mysota/mymain.classã‚’è¿½åŠ ä¸­ã§ã™(å…¥=8565)(å‡º=3434)(59%åç¸®ã•ã‚Œã¾ã—ãŸ)

jarãƒ•ã‚¡ã‚¤ãƒ«ã‚’ä½œæˆã—ã¾ã—ãŸã€‚

é€ä¿¡ãƒ•ã‚¡ã‚¤ãƒ«ã®ä¸Šæ›¸ãç¢ºèª

ã‚¹ã‚¿ãƒ¼ãƒˆã‚¢ãƒƒãƒ—ã‚¢ãƒ—ãƒªã‚±ãƒ¼ã‚·ãƒ§ãƒ³ã®åœæ­¢
echo "STOP_STARTUP" > /home/vstone/vstonemagic/menu.fifoãƒ­ãƒœãƒƒãƒˆã®SFTPã¸æ¥ç¶šã—ã¾ã™ã€‚
192.168.1.20@root
.


ãƒ•ã‚¡ã‚¤ãƒ«ã®è»¢é€
ãƒ­ãƒœãƒƒãƒˆã«ãƒ•ã‚¡ã‚¤ãƒ«ã‚’è»¢é€ã—ã¾ã™ã€‚
Connect to 192.168.1.20@root...æ¥ç¶šã—ã¾ã—ãŸã€‚
ãƒ•ã‚¡ã‚¤ãƒ«ã®è»¢é€ã‚’é–‹å§‹ã—ã¾ã™ã€‚
Send':'Health_management.jar' completed


ã‚¢ãƒ—ãƒªã‚±ãƒ¼ã‚·ãƒ§ãƒ³ç™»éŒ²ç”¨ã®ã‚¢ãƒ¼ã‚«ã‚¤ãƒ–ãƒ•ã‚¡ã‚¤ãƒ«ã‚’ä½œæˆ
.
ãƒ“ãƒ«ãƒ‰ãŒå®Œäº†ã—ã¾ã—ãŸã€‚


jarãƒ•ã‚¡ã‚¤ãƒ«ã®å®Ÿè¡Œ
ãƒ­ãƒœãƒƒãƒˆã®SSHã¸æ¥ç¶šã—ã¾ã™ã€‚
192.168.1.20@root
java -Dfile.encoding=UTF8 -Djava.library.path=/usr/local/share/OpenCV/java/  -Xdebug -Xrunjdwp:transport=dt_socket,server=y,address=8765 -jar Health_management.jar 2>&1 &ãƒ•ã‚¡ã‚¤ãƒ«ã®è»¢é€ãŒå®Œäº†ã—ã¾ã—ãŸã€‚java -Dfile.encoding=UTF8 -Djava.library.path=/usr/local/share/OpenCV/java/  -Xdebug -Xrunjdwp:transport=dt_socket,server=y,address=8765 -jar Health_management.jar 2>&1 &
[1;32mroot@edison:~$[m java -Dfile.encoding=UTF8 -Djava.library.path=/usr/local/share/OpenCV/java/  -Xdebug -Xrunjdwp:transport=dt_socket,server=y,address=8765 -jar Health_management.jar 2>&1 &
[1] 20333
[1;32mroot@edison:~$[m Listening for transport dt_socket at address: 8765
ãƒ‡ãƒãƒƒã‚°ã®æº–å‚™ãŒã§ãã¾ã—ãŸã€‚

jdbã®å®Ÿè¡Œ
ãƒ‡ãƒãƒƒã‚¬ã‚’èµ·å‹•ã—ã¾ã™ã€‚
C:\Program Files (x86)\VstoneMagic\jdk\bin\jdb.exe -connect com.sun.jdi.SocketAttach:hostname=192.168.1.20,port=8765
æ•æ‰ã•ã‚Œãªã„java.lang.Throwableã®è¨­å®šé…å»¶ã—ãŸæ•æ‰ã•ã‚Œãªã„java.lang.Throwableã®è¨­å®šjdbã®åˆæœŸåŒ–ä¸­...ãƒ‡ãƒãƒƒã‚°å®Ÿè¡Œã®ã‚¹ã‚¿ãƒ³ãƒã‚¤ãŒã§ãã¾ã—ãŸã€‚
> VMãŒé–‹å§‹ã•ã‚Œã¾ã—ãŸ: ç¾åœ¨ã®ã‚³ãƒ¼ãƒ«ãƒ»ã‚¹ã‚¿ãƒƒã‚¯ã«ãƒ•ãƒ¬ãƒ¼ãƒ ãŒã‚ã‚Šã¾ã›ã‚“[Info][CRoboCamera]class jp.vstone.RobotLib.CSotaMotion
[Info][SpeechRecog]SpeechRecog
[Info][CRobotSock]Connected server
[Info][CRobotMotion]MasterCtrlPeriod 16666
[Info][CRoboCamera]StartTask MODE_FACE_TRACK
[Info][CRoboCamera]openCapture
/home/vstone/pux_faceu/bin/ROMfiles/PFID_dict_feature_ha2.bin
[Info][CRoboCamera]Strat FaceDetectTask 14
[Info][MotionAsSotaWish][Say][scene:talk]ã“ã‚“ã«ã¡ã¯ã€ãŠåå‰ã¯
[Info][TextToSpeechSota][TTS_USE_CACHE] /var/sota/tts//1492071977576.wav
[Info][CPlayWave]Play /var/sota/tts//1492071977576.wav
[Info][CPlayWave]isEdison
[Info][CPlayWave]play------- 20411
[Info][MotionAsSotaWish]play 2182
[Info][MotionAsSotaWish][play][talk] [1782sec]
[Info][SpeechRecog][getRecognition][Score:0.6890292763710022]ã‚¿ãƒãƒª
[Info][SpeechRecog][getRecognition][Score:0.6886098384857178]ã‚¿ãƒãƒã‚®
[Info][SpeechRecog][getRecognition][Score:0.6997209787368774]ãŸã¾ã«
[Info][SpeechRecog][getRecognition][Score:0.7218195796012878]ãŸã¾ã­ã
[Info][SpeechRecog][getRecognition][Score:0.722998857498169]ç‰ã­ã
[Info][SpeechRecog][getRecognition][Score:0.689690351486206]ç‰é‡Œ
[Info][SpeechRecog][getRecognition][Score:0.7083861827850342]ç‰åˆ©
[Info][SpeechRecog]getName
[Info][MotionAsSotaWish][Say][scene:talk]ã‚¿ãƒãƒªå›ã ã­
[Info][TextToSpeechSota][get:ã‚¿ãƒãƒªå›ã ã­][speechRate:11][pitch:13]][intonation:11]
[Info][CPlayWave]Play /dev/shm/wavtemptts0.wav
[Info][CPlayWave]isEdison
[Info][CPlayWave]play------- 22512
[Info][MotionAsSotaWish]play 1322
[Info][MotionAsSotaWish][play][talk] [922sec]
[Info][MotionAsSotaWish][Say][scene:talk]ã‚¿ãƒãƒªå›ã®ä½“æ¸©ã¯ï¼Ÿ
[Info][TextToSpeechSota][get:ã‚¿ãƒãƒªå›ã®ä½“æ¸©ã¯ï¼Ÿ][speechRate:11][pitch:13]][intonation:11]
[Info][CPlayWave]Play /dev/shm/wavtemptts1.wav
[Info][CPlayWave]isEdison
[Info][CPlayWave]play------- 22532
[Info][MotionAsSotaWish]play 1753
[Info][MotionAsSotaWish][play][talk] [1353sec]
[Info][SpeechRecog][getRecognition][Score:0.7603029771284624]ä¸‰åå…­ä¸€éƒ¨
[Info][SpeechRecog][getRecognition][Score:0.753843827681108]ä¸‰åå…­åº¦ä¸€
[Info][SpeechRecog][getRecognition][Score:0.7578449249267578]ä¸‰åå…­â„ƒä¸€
[Info][SpeechRecog][getRecognition][Score:0.7647542086514559]ä¸‰åå…­åº¦ä¸€éƒ¨
[Info][SpeechRecog][getRecognition][Score:0.7574724717573686]ä¸‰åå…­Â°ä¸€
[Info][SpeechRecog][getRecognition][Score:0.7683828527277167]ä¸‰åå…­Â°ä¸€éƒ¨
[Info][SpeechRecog][getRecognition][Score:0.7687553058971058]ä¸‰åå…­â„ƒä¸€éƒ¨
[Info][MotionAsSotaWish][Say][scene:talk]ï¼“ï¼–åº¦ãƒŠãƒ³ãƒ–ï¼Ÿ
[Info][TextToSpeechSota][TTS_USE_CACHE] /var/sota/tts//1492074398961.wav
[Info][CPlayWave]Play /var/sota/tts//1492074398961.wav
[Info][CPlayWave]isEdison
[Info][CPlayWave]play------- 24645
[Info][MotionAsSotaWish]play 1775
[Info][MotionAsSotaWish][play][talk] [1375sec]
[Info][SpeechRecog][getRecognition][Score:0.7160464695521763]â‘ ä¸€
[Info][SpeechRecog][getRecognition][Score:0.7407434327261788]ä¸€ä¸€éƒ¨åˆ†
[Info][SpeechRecog][getRecognition][Score:0.787989752633231]ä¸€ä¸€éƒ¨
[Info][SpeechRecog][getRecognition][Score:0.751068115234375]ä¸€ä¸€åˆ†
[Info][SpeechRecog][getRecognition][Score:0.7983144351414271]ä¸€ä¸€
[Info][SpeechRecog][getRecognition][Score:0.7057217870439801]â‘ ä¸€éƒ¨
[Info][SpeechRecog][getRecognition][Score:0.7445107187543596]ä¸€ä¸€éƒ¨éƒ¨
[Info][MotionAsSotaWish][Say][scene:talk]ï¼“ï¼–åº¦ï¼‘ãƒ–ã ã­
[Info][TextToSpeechSota][TTS_USE_CACHE] /var/sota/tts//1492074605645.wav
[Info][CPlayWave]Play /var/sota/tts//1492074605645.wav
[Info][CPlayWave]isEdison
[Info][CPlayWave]play------- 26772
[Info][MotionAsSotaWish]play 2316
[Info][MotionAsSotaWish][play][talk] [1916sec]
[Info][MotionAsSotaWish][Say][scene:talk]ã“ã‚“ã«ã¡ã¯ã€ãŠåå‰ã¯
[Info][TextToSpeechSota][TTS_USE_CACHE] /var/sota/tts//1492071977576.wav
[Info][CPlayWave]Play /var/sota/tts//1492071977576.wav
[Info][CPlayWave]isEdison
[Info][CPlayWave]play------- 26820
[Info][MotionAsSotaWish]play 2182
[Info][MotionAsSotaWish][play][talk] [1782sec]
[Info][SpeechRecog][getRecognition][Score:0.7083384195963541]ä»Šåº¦ãã†ã§ã—ãŸã¨ãƒ¡ãƒ¼ãƒ«
[Info][SpeechRecog][getRecognition][Score:0.703779935836792]ä»Šåº¦ãã†ã§ã—ãŸã¨ãƒ¡ãƒ¼ãƒ«ã—ã‚‰ã™
[Info][SpeechRecog][getRecognition][Score:0.706515868504842]ä»Šåº¦ãã†ã—ãŸã¨ãƒ¡ãƒ¼ãƒ«ã—ã‚‰ã™
[Info][SpeechRecog][getRecognition][Score:0.706664244333903]æ¸©åº¦ãã†ã—ãŸã¨ãƒ¡ãƒ¼ãƒ«
[Info][SpeechRecog][getRecognition][Score:0.7110743522644043]ä»Šåº¦ãã†ã—ãŸã¨ãƒ¡ãƒ¼ãƒ«
[Info][SpeechRecog]getName
[Info][SpeechRecog][getRecognition][Score:0.7997276782989502]ã¯
[Info][SpeechRecog]getName
[Info][SpeechRecog][getRecognition][Score:0.8096139272054036]å…­
[Info][SpeechRecog][getRecognition][Score:0.8472222646077474]å…­æ™‚
[Info][SpeechRecog]getName
[Info][MotionAsSotaWish][Say][scene:talk]ã‚ˆãèãå–ã‚Œãªã‹ã£ãŸ
[Info][TextToSpeechSota][TTS_USE_CACHE] /var/sota/tts//1494232730464.wav
[Info][CPlayWave]Play /var/sota/tts//1494232730464.wav
[Info][CPlayWave]isEdison
[Info][CPlayWave]play------- 688
[Info][MotionAsSotaWish]play 1721
[Info][MotionAsSotaWish][play][talk] [1321sec]
[Info][SpeechRecog][getRecognition][Score:0.8520660400390625]å±‹å†…
[Info][SpeechRecog][getRecognition][Score:0.8327901237889339]åŒºå†…
[Info][SpeechRecog][getRecognition][Score:0.8359580290944952]å±‹å†…å±‹å¤–
[Info][SpeechRecog][getRecognition][Score:0.8329514453285618]å®®å†…
[Info][SpeechRecog]getName
[Info][SpeechRecog][getRecognition][Score:0.8193079403468541]çŸ³
[Info][SpeechRecog][getRecognition][Score:0.8115662847246442]è©©
[Info][SpeechRecog][getRecognition][Score:0.8138772419520787]åŒ»å¸«
[Info][SpeechRecog][getRecognition][Score:0.8231881005423409]è¥¿
[Info][SpeechRecog]getName
[Info][MotionAsSotaWish][Say][scene:talk]ã‚¤ã‚·å›ã ã­
[Info][TextToSpeechSota][get:ã‚¤ã‚·å›ã ã­][speechRate:11][pitch:13]][intonation:11]
[Info][CPlayWave]Play /dev/shm/wavtemptts2.wav
[Info][CPlayWave]isEdison
[Info][CPlayWave]play------- 4903
[Info][MotionAsSotaWish]play 1165
[Info][MotionAsSotaWish][play][talk] [765sec]
[Info][MotionAsSotaWish][Say][scene:talk]ã‚¤ã‚·å›ã®ä½“æ¸©ã¯ï¼Ÿ
[Info][TextToSpeechSota][get:ã‚¤ã‚·å›ã®ä½“æ¸©ã¯ï¼Ÿ][speechRate:11][pitch:13]][intonation:11]
[Info][CPlayWave]Play /dev/shm/wavtemptts3.wav
[Info][CPlayWave]isEdison
[Info][CPlayWave]play------- 4925
[Info][MotionAsSotaWish]play 1595
[Info][MotionAsSotaWish][play][talk] [1195sec]
[Info][SpeechRecog][getRecognition][Score:0.7194509506225586]é‡‘
[Info][SpeechRecog][getRecognition][Score:0.7188093662261963]ç•³
[Info][SpeechRecog][getRecognition][Score:0.7370849251747131]ç†±æµ·
[Info][SpeechRecog][getRecognition][Score:0.7038883566856384]äºŒ
[Info][MotionAsSotaWish][Say][scene:talk]èã“ãˆãªã‹ã£ãŸ
[Info][TextToSpeechSota][TTS_USE_CACHE] /var/sota/tts//1494232764789.wav
[Info][CPlayWave]Play /var/sota/tts//1494232764789.wav
[Info][CPlayWave]isEdison
[Info][CPlayWave]play------- 7049
[Info][MotionAsSotaWish]play 1344
[Info][MotionAsSotaWish][play][talk] [944sec]
[Info][MotionAsSotaWish][Say][scene:talk]ã“ã‚“ã«ã¡ã¯ã€ãŠåå‰ã¯
[Info][TextToSpeechSota][TTS_USE_CACHE] /var/sota/tts//1492071977576.wav
[Info][CPlayWave]Play /var/sota/tts//1492071977576.wav
[Info][CPlayWave]isEdison
[Info][CPlayWave]play------- 7087
[Info][MotionAsSotaWish]play 2182
[Info][MotionAsSotaWish][play][talk] [1782sec]
[Info][SpeechRecog][getRecognition][Score:0.8084672292073567]ç«¹æ¾¤ãã‚“
[Info][SpeechRecog][getRecognition][Score:0.7946566475762261]æ»æ²¢ãã‚“
[Info][SpeechRecog][getRecognition][Score:0.8114266925387912]ç«¹æ¾¤å›
[Info][SpeechRecog][getRecognition][Score:0.7976161109076605]æ»æ²¢å›
[Info][SpeechRecog]getName
[Info][MotionAsSotaWish][Say][scene:talk]ã‚¿ã‚±ã‚¶ãƒ¯å›ã ã­
[Info][TextToSpeechSota][get:ã‚¿ã‚±ã‚¶ãƒ¯å›ã ã­][speechRate:11][pitch:13]][intonation:11]
[Info][CPlayWave]Play /dev/shm/wavtemptts4.wav
[Info][CPlayWave]isEdison
[Info][CPlayWave]play------- 9204
[Info][MotionAsSotaWish]play 1492
[Info][MotionAsSotaWish][play][talk] [1092sec]
[Info][MotionAsSotaWish][Say][scene:talk]ã‚¿ã‚±ã‚¶ãƒ¯å›ã®ä½“æ¸©ã¯ï¼Ÿ
[Info][TextToSpeechSota][get:ã‚¿ã‚±ã‚¶ãƒ¯å›ã®ä½“æ¸©ã¯ï¼Ÿ][speechRate:11][pitch:13]][intonation:11]
[Info][CPlayWave]Play /dev/shm/wavtemptts5.wav
[Info][CPlayWave]isEdison
[Info][CPlayWave]play------- 9222
[Info][MotionAsSotaWish]play 1925
[Info][MotionAsSotaWish][play][talk] [1525sec]
[Info][SpeechRecog][getRecognition][Score:0.8372083391462053]ä¸‰åå…«ç¬¬ä¸€è¦‹ãŸã„
[Info][SpeechRecog][getRecognition][Score:0.849412373134068]ä¸‰åå…«ç¬¬ä¸€
[Info][SpeechRecog][getRecognition][Score:0.8297937256949288]ä¸‰åå…«ç¬¬ä¸€ã¿ãŸã„
[Info][MotionAsSotaWish][Say][scene:talk]ï¼“ï¼˜åº¦ãƒŠãƒ³ãƒ–ï¼Ÿ
[Info][TextToSpeechSota][get:ï¼“ï¼˜åº¦ãƒŠãƒ³ãƒ–ï¼Ÿ][speechRate:11][pitch:13]][intonation:11]
[Info][CPlayWave]Play /dev/shm/wavtemptts6.wav
[Info][CPlayWave]isEdison
[Info][CPlayWave]play------- 11317
[Info][MotionAsSotaWish]play 1804
[Info][MotionAsSotaWish][play][talk] [1404sec]
[Info][SpeechRecog][getRecognition][Score:0.8111749649047851]ãƒ“ãƒ¥ãƒ¼ç§»ä½è€…
[Info][SpeechRecog][getRecognition][Score:0.82449951171875]ç†ç”±ç§»ä½è€…
[Info][SpeechRecog][getRecognition][Score:0.8107276280721029]ç§»ä½è€…
[Info][SpeechRecog][getRecognition][Score:0.8080361684163412]ç‰›ç§»ä½è€…
[Info][SpeechRecog][getRecognition][Score:0.8062849680582682]ï½…ï½•ç§»ä½è€…
[Info][MotionAsSotaWish][Say][scene:talk]ãƒŠãƒ³ãƒ–ï¼Ÿ
[Info][TextToSpeechSota][TTS_USE_CACHE] /var/sota/tts//1492074428585.wav
[Info][CPlayWave]Play /var/sota/tts//1492074428585.wav
[Info][CPlayWave]isEdison
[Info][CPlayWave]play------- 13427
[Info][MotionAsSotaWish]play 961
[Info][MotionAsSotaWish][play][talk] [561sec]
[Info][SpeechRecog][getRecognition][Score:0.78117882121693]ä¸‰éƒ¨
[Info][SpeechRecog][getRecognition][Score:0.7869377136230469]ä¸‰
[Info][SpeechRecog][getRecognition][Score:0.7549337907270952]å±±æ­¦åˆ†
[Info][SpeechRecog][getRecognition][Score:0.7829659201882102]å±±éƒ¨
[Info][SpeechRecog][getRecognition][Score:0.8179664611816406]å±±æ­¦
[Info][MotionAsSotaWish][Say][scene:talk]ï¼“ï¼˜åº¦ï¼“ãƒ–ã ã­
[Info][TextToSpeechSota][get:ï¼“ï¼˜åº¦ï¼“ãƒ–ã ã­][speechRate:11][pitch:13]][intonation:11]
[Info][CPlayWave]Play /dev/shm/wavtemptts7.wav
[Info][CPlayWave]isEdison
[Info][CPlayWave]play------- 15524
[Info][MotionAsSotaWish]play 2357
[Info][MotionAsSotaWish][play][talk] [1957sec]
[Info][MotionAsSotaWish][Say][scene:talk]ã“ã‚“ã«ã¡ã¯ã€ãŠåå‰ã¯
[Info][TextToSpeechSota][TTS_USE_CACHE] /var/sota/tts//1492071977576.wav
[Info][CPlayWave]Play /var/sota/tts//1492071977576.wav
[Info][CPlayWave]isEdison
[Info][CPlayWave]play------- 15590
[Info][MotionAsSotaWish]play 2182
[Info][MotionAsSotaWish][play][talk] [1782sec]
[Info][SpeechRecog][getRecognition][Score:0.7951859746660505]é›»è©±
[Info][SpeechRecog][getRecognition][Score:0.812854630606515]ä¹
[Info][SpeechRecog]getName
[Info][SpeechRecog][getRecognition][Score:0.7548112273216248]
[Info][SpeechRecog][getRecognition][Score:0.7483023405075073]ã¯
[Info][SpeechRecog]getName
[Info][SpeechRecog][getRecognition][Score:0.7783908049265543]
[Info][SpeechRecog][getRecognition][Score:0.7752455870310465]å®¶
[Info][SpeechRecog]getName
[Info][MotionAsSotaWish][Say][scene:talk]ã‚ˆãèãå–ã‚Œãªã‹ã£ãŸ
[Info][TextToSpeechSota][TTS_USE_CACHE] /var/sota/tts//1494232730464.wav
[Info][CPlayWave]Play /var/sota/tts//1494232730464.wav
[Info][CPlayWave]isEdison
[Info][CPlayWave]play------- 21958
[Info][MotionAsSotaWish]play 1721
[Info][MotionAsSotaWish][play][talk] [1321sec]
[Info][SpeechRecog][getRecognition][Score:0.6879281997680664]
[Info][SpeechRecog][getRecognition][Score:0.6735725402832031]ã„
[Info][SpeechRecog][getRecognition][Score:0.6713878313700358]äºŒ
[Info][SpeechRecog][getRecognition][Score:0.6714857419331868]ã¯
[Info][SpeechRecog]getName
[Info][SpeechRecog][getRecognition][Score:0.7369740804036458]åé‰„
[Info][SpeechRecog]getName
[Info][SpeechRecog][getRecognition][Score:0.6617099642753601]
[Info][SpeechRecog][getRecognition][Score:0.6464099884033203]ãƒ†ã‚¤ãƒ«ã‚º
[Info][SpeechRecog][getRecognition][Score:0.6533442139625549]äºŒ
[Info][SpeechRecog]getName
[Info][MotionAsSotaWish][Say][scene:talk]ã‚ˆãèãå–ã‚Œãªã‹ã£ãŸ
[Info][TextToSpeechSota][TTS_USE_CACHE] /var/sota/tts//1494232730464.wav
[Info][CPlayWave]Play /var/sota/tts//1494232730464.wav
[Info][CPlayWave]isEdison
[Info][CPlayWave]play------- 28262
[Info][MotionAsSotaWish]play 1721
[Info][MotionAsSotaWish][play][talk] [1321sec]
[Info][SpeechRecog][getRecognition][Score:0.7974472045898438]å­
[Info][SpeechRecog][getRecognition][Score:0.7976081967353821]ã€‡
[Info][SpeechRecog][getRecognition][Score:0.8004276752471924]ã‚ã‚Œ
[Info][SpeechRecog][getRecognition][Score:0.8044154644012451]ã­
[Info][SpeechRecog][getRecognition][Score:0.7979834079742432]ã­ãˆ
[Info][SpeechRecog]getName
[Info][SpeechRecog][getRecognition][Score:0.7630434566073947]å¥³
[Info][SpeechRecog][getRecognition][Score:0.8115392261081271]ã‚«ãƒ¼ãƒ‰
[Info][SpeechRecog][getRecognition][Score:0.7631016307406955]ã£ã¦
[Info][SpeechRecog][getRecognition][Score:0.8117624918619791]ç”»
[Info][SpeechRecog]getName
[Info][SpeechRecog][getRecognition][Score:0.820798397064209]
[Info][SpeechRecog][getRecognition][Score:0.8206911087036133]ã‚’
[Info][SpeechRecog][getRecognition][Score:0.8210798263549806]å¥³
[Info][SpeechRecog][getRecognition][Score:0.8207927703857423]ã¯
[Info][SpeechRecog]getName
[Info][MotionAsSotaWish][Say][scene:talk]ã‚ˆãèãå–ã‚Œãªã‹ã£ãŸ
[Info][TextToSpeechSota][TTS_USE_CACHE] /var/sota/tts//1494232730464.wav
[Info][CPlayWave]Play /var/sota/tts//1494232730464.wav
[Info][CPlayWave]isEdison
[Info][CPlayWave]play------- 2143
[Info][MotionAsSotaWish]play 1721
[Info][MotionAsSotaWish][play][talk] [1321sec]
[Info][SpeechRecog][getRecognition][Score:0.8035838263375418]ã‚¿ã‚¤
[Info][SpeechRecog][getRecognition][Score:0.8088758332388741]è¦ª
[Info][SpeechRecog]getName
[Info][SpeechRecog][getRecognition][Score:0.7896532416343689]
[Info][SpeechRecog][getRecognition][Score:0.7876295447349548]ã‚«ãƒ¼ãƒ‰
[Info][SpeechRecog][getRecognition][Score:0.8322428464889526]ç”»
[Info][SpeechRecog]getName
[Info][SpeechRecog][getRecognition][Score:0.7536771480853741]ãã†ã ãã†ã„ã†å®‰å®¤å¥ˆç¾æµ
[Info][SpeechRecog][getRecognition][Score:0.7436579190767729]ãã†ã ãã†
[Info][SpeechRecog][getRecognition][Score:0.7747312692495493]ãã†ã ãã†å®‰å®¤å¥ˆç¾æµ
[Info][SpeechRecog][getRecognition][Score:0.7540930968064529]ãã†ã ãã†ãˆã‚“å®‰å®¤å¥ˆç¾æµ
[Info][SpeechRecog][getRecognition][Score:0.7562839067899264]ãã†ã ãã†ã‚ˆå®‰å®¤å¥ˆç¾æµ
[Info][SpeechRecog]getName
[Info][MotionAsSotaWish][Say][scene:talk]ã‚ˆãèãå–ã‚Œãªã‹ã£ãŸ
[Info][TextToSpeechSota][TTS_USE_CACHE] /var/sota/tts//1494232730464.wav
[Info][CPlayWave]Play /var/sota/tts//1494232730464.wav
[Info][CPlayWave]isEdison
[Info][CPlayWave]play------- 7170
[Info][MotionAsSotaWish]play 1721
[Info][MotionAsSotaWish][play][talk] [1321sec]
[Info][SpeechRecog][getRecognition][Score:0.769260311126709]
[Info][SpeechRecog][getRecognition][Score:0.7661905765533448]ã‚’
[Info][SpeechRecog][getRecognition][Score:0.766667366027832]ãŠ
[Info][SpeechRecog][getRecognition][Score:0.7065217018127442]ã¯
[Info][SpeechRecog]getName
[Info][SpeechRecog][getRecognition][Score:0.5951326489448547]
[Info][SpeechRecog][getRecognition][Score:0.5790802836418152]ã„
[Info][SpeechRecog][getRecognition][Score:0.5789852738380432]ã¯
[Info][SpeechRecog]getName
[Info][SpeechRecog][getRecognition][Score:0.7431683540344238]
[Info][SpeechRecog][getRecognition][Score:0.7462046941121419]ã‹
[Info][SpeechRecog][getRecognition][Score:0.7640523910522461]èª²é¡Œ
[Info][SpeechRecog][getRecognition][Score:0.7951879501342773]ç”»
[Info][SpeechRecog][getRecognition][Score:0.7658980687459309]å®¶é›»
[Info][SpeechRecog][getRecognition][Score:0.7652888298034668]ã¾ã§
[Info][SpeechRecog]getName
[Info][MotionAsSotaWish][Say][scene:talk]ã‚ˆãèãå–ã‚Œãªã‹ã£ãŸ
[Info][TextToSpeechSota][TTS_USE_CACHE] /var/sota/tts//1494232730464.wav
[Info][CPlayWave]Play /var/sota/tts//1494232730464.wav
[Info][CPlayWave]isEdison
[Info][CPlayWave]play------- 12070
[Info][MotionAsSotaWish]play 1721
[Info][MotionAsSotaWish][play][talk] [1321sec]
[Info][SpeechRecog][getRecognition][Score:0.8032200963873611]ã‚¨ãƒ«ã‚¯
[Info][SpeechRecog][getRecognition][Score:0.8067056254336707]ä¸ƒ
[Info][SpeechRecog][getRecognition][Score:0.820218939530222]ã¯
[Info][SpeechRecog]getName
[Info][SpeechRecog][getRecognition][Score:0.8267818556891546]
[Info][SpeechRecog][getRecognition][Score:0.826605478922526]ã¨
[Info][SpeechRecog][getRecognition][Score:0.8262648052639431]ã‹
[Info][SpeechRecog][getRecognition][Score:0.827059851752387]ã¯
[Info][SpeechRecog]getName
[Info][SpeechRecog][getRecognition][Score:0.7968831062316895]æºå¸¯é›»è©±
[Info][SpeechRecog]getName
[Info][MotionAsSotaWish][Say][scene:talk]ã‚ˆãèãå–ã‚Œãªã‹ã£ãŸ
[Info][TextToSpeechSota][TTS_USE_CACHE] /var/sota/tts//1494232730464.wav
[Info][CPlayWave]Play /var/sota/tts//1494232730464.wav
[Info][CPlayWave]isEdison
[Info][CPlayWave]play------- 18389
[Info][MotionAsSotaWish]play 1721
[Info][MotionAsSotaWish][play][talk] [1321sec]
[Info][SpeechRecog][getRecognition][Score:0.8221038818359375]
[Info][SpeechRecog][getRecognition][Score:0.8105772654215495]äº”
[Info][SpeechRecog][getRecognition][Score:0.8146095275878906]ã€‡
[Info][SpeechRecog][getRecognition][Score:0.8030827840169271]ã€‡äº”
[Info][SpeechRecog]getName
[Info][SpeechRecog][getRecognition][Score:0.7816955248514811]
[Info][SpeechRecog][getRecognition][Score:0.781589110692342]ã‚¿ã‚¤ãƒãƒ¼
[Info][SpeechRecog][getRecognition][Score:0.78266708056132]ä¼šè©±
[Info][SpeechRecog]getName
[Info][SpeechRecog][getRecognition][Score:0.8359920713636609]
[Info][SpeechRecog][getRecognition][Score:0.8333894941541883]ã‚‚ã†
[Info][SpeechRecog][getRecognition][Score:0.8117589950561523]æœ¨
[Info][SpeechRecog][getRecognition][Score:0.8131912019517686]ã‚¤ãƒ³
[Info][SpeechRecog][getRecognition][Score:0.8032310273912218]ã®
[Info][SpeechRecog]getName
[Info][MotionAsSotaWish][Say][scene:talk]ã‚ˆãèãå–ã‚Œãªã‹ã£ãŸ
[Info][TextToSpeechSota][TTS_USE_CACHE] /var/sota/tts//1494232730464.wav
[Info][CPlayWave]Play /var/sota/tts//1494232730464.wav
[Info][CPlayWave]isEdison
[Info][CPlayWave]play------- 24736
[Info][MotionAsSotaWish]play 1721
[Info][MotionAsSotaWish][play][talk] [1321sec]
[Info][SpeechRecog][getRecognition][Score:0.7483336925506592]å¸«å£«è©©
[Info][SpeechRecog][getRecognition][Score:0.7481366157531739]ã—å£«è©©
[Info][SpeechRecog][getRecognition][Score:0.7510808944702149]å¸«å¸«å¸«
[Info][SpeechRecog][getRecognition][Score:0.7508838176727295]ã—å¸«å¸«
[Info][SpeechRecog][getRecognition][Score:0.7551860809326172]å¸«å£«å¸«
[Info][SpeechRecog][getRecognition][Score:0.7549890041351319]ã—å£«å¸«
[Info][SpeechRecog][getRecognition][Score:0.7504112720489502]å¸«å£«æ­»
[Info][SpeechRecog][getRecognition][Score:0.7502141952514649]ã—å£«æ­»
[Info][SpeechRecog][getRecognition][Score:0.7490467071533203]å¸«å£«å£«
[Info][SpeechRecog][getRecognition][Score:0.748849630355835]ã—å£«å£«
[Info][SpeechRecog]getName
[Info][SpeechRecog][getRecognition][Score:0.7785256249564034]
[Info][SpeechRecog][getRecognition][Score:0.7948472159249441]ã¯ã
[Info][SpeechRecog][getRecognition][Score:0.7136601039341518]ã„
[Info][SpeechRecog][getRecognition][Score:0.7583372933523995]ã¯ã‚
[Info][SpeechRecog][getRecognition][Score:0.7492580413818359]ã‚ã‚
[Info][SpeechRecog][getRecognition][Score:0.7299816949026925]ã¯ãã„
[Info][SpeechRecog][getRecognition][Score:0.7489207131522042]ãƒãƒ¼
[Info][SpeechRecog]getName
[Info][SpeechRecog][getRecognition][Score:0.7139895302908761]
[Info][SpeechRecog]getName
[Info][MotionAsSotaWish][Say][scene:talk]ã‚ˆãèãå–ã‚Œãªã‹ã£ãŸ
[Info][TextToSpeechSota][TTS_USE_CACHE] /var/sota/tts//1494232730464.wav
[Info][CPlayWave]Play /var/sota/tts//1494232730464.wav
[Info][CPlayWave]isEdison
[Info][CPlayWave]play------- 30503
[Info][MotionAsSotaWish]play 1721
[Info][MotionAsSotaWish][play][talk] [1321sec]
[Info][SpeechRecog][getRecognition][Score:0.7989953545963063]ã¯
[Info][SpeechRecog]getName
[Info][SpeechRecog][getRecognition][Score:0.8395177721977234]ï½—ï½‰ï½‹ï½‰
[Info][SpeechRecog][getRecognition][Score:0.7627490162849426]ã†ãƒã
[Info][SpeechRecog][getRecognition][Score:0.7744137048721313]ã‚¦ã‚£ã‚­
[Info][SpeechRecog]getName
[Info][SpeechRecog][getRecognition][Score:0.7956053188868931]ã™ã‚‹
[Info][SpeechRecog][getRecognition][Score:0.7723192487444196]ã‚¹ãƒ¬
[Info][SpeechRecog][getRecognition][Score:0.7996885435921804]ãƒãƒƒã‚¹ãƒ«
[Info][SpeechRecog][getRecognition][Score:0.7726463590349469]ç™ºç”Ÿ
[Info][SpeechRecog][getRecognition][Score:0.767188617161342]ã‚¢ãƒƒãƒ—ãƒ«
[Info][SpeechRecog]getName
[Info][MotionAsSotaWish][Say][scene:talk]ã‚ˆãèãå–ã‚Œãªã‹ã£ãŸ
[Info][TextToSpeechSota][TTS_USE_CACHE] /var/sota/tts//1494232730464.wav
[Info][CPlayWave]Play /var/sota/tts//1494232730464.wav
[Info][CPlayWave]isEdison
[Info][CPlayWave]play------- 3817
[Info][MotionAsSotaWish]play 1721
[Info][MotionAsSotaWish][play][talk] [1321sec]
[Info][SpeechRecog][getRecognition][Score:0.7418579621748491]å¹´
[Info][SpeechRecog][getRecognition][Score:0.7412900057705966]è©©
[Info][SpeechRecog]getName
[Info][MotionAsSotaWish][Say][scene:talk]ãƒˆã‚·å›ã ã­
[Info][TextToSpeechSota][get:ãƒˆã‚·å›ã ã­][speechRate:11][pitch:13]][intonation:11]
[Info][CPlayWave]Play /dev/shm/wavtemptts8.wav
[Info][CPlayWave]isEdison
[Info][CPlayWave]play------- 5940
[Info][MotionAsSotaWish]play 1188
[Info][MotionAsSotaWish][play][talk] [788sec]
[Info][MotionAsSotaWish][Say][scene:talk]ãƒˆã‚·å›ã®ä½“æ¸©ã¯ï¼Ÿ
[Info][TextToSpeechSota][get:ãƒˆã‚·å›ã®ä½“æ¸©ã¯ï¼Ÿ][speechRate:11][pitch:13]][intonation:11]
[Info][CPlayWave]Play /dev/shm/wavtemptts9.wav
[Info][CPlayWave]isEdison
[Info][CPlayWave]play------- 5959
[Info][MotionAsSotaWish]play 1623
[Info][MotionAsSotaWish][play][talk] [1223sec]
[Info][SpeechRecog][getRecognition][Score:0.7695302963256836]ã‚«ãƒ¼ãƒ‰
[Info][SpeechRecog][getRecognition][Score:0.7553315758705139]ã¨
[Info][SpeechRecog][getRecognition][Score:0.7559362053871155]ãŸ
[Info][MotionAsSotaWish][Say][scene:talk]èã“ãˆãªã‹ã£ãŸ
[Info][TextToSpeechSota][TTS_USE_CACHE] /var/sota/tts//1494232764789.wav
[Info][CPlayWave]Play /var/sota/tts//1494232764789.wav
[Info][CPlayWave]isEdison
[Info][CPlayWave]play------- 8075
[Info][MotionAsSotaWish]play 1344
[Info][MotionAsSotaWish][play][talk] [944sec]
[Info][MotionAsSotaWish][Say][scene:talk]ã“ã‚“ã«ã¡ã¯ã€ãŠåå‰ã¯
[Info][TextToSpeechSota][TTS_USE_CACHE] /var/sota/tts//1492071977576.wav
[Info][CPlayWave]Play /var/sota/tts//1492071977576.wav
[Info][CPlayWave]isEdison
[Info][CPlayWave]play------- 8841
[Info][MotionAsSotaWish]play 2182
[Info][MotionAsSotaWish][play][talk] [1782sec]
[Info][SpeechRecog][getRecognition][Score:0.6236154437065125]
[Info][SpeechRecog]getName
[Info][SpeechRecog][getRecognition][Score:0.8129703733656141]
[Info][SpeechRecog][getRecognition][Score:0.790034188164605]ï½—ï½‰ï½‰
[Info][SpeechRecog][getRecognition][Score:0.7851282755533854]ã®
[Info][SpeechRecog]getName
[Info][SpeechRecog][getRecognition][Score:0.8096901286732067]
[Info][SpeechRecog][getRecognition][Score:0.8034551793878729]ã‚«ãƒ¼ãƒ‰
[Info][SpeechRecog][getRecognition][Score:0.8037903525612571]äºŒ
[Info][SpeechRecog]getName
[Info][MotionAsSotaWish][Say][scene:talk]ã‚ˆãèãå–ã‚Œãªã‹ã£ãŸ
[Info][TextToSpeechSota][TTS_USE_CACHE] /var/sota/tts//1494232730464.wav
[Info][CPlayWave]Play /var/sota/tts//1494232730464.wav
[Info][CPlayWave]isEdison
[Info][CPlayWave]play------- 15160
[Info][MotionAsSotaWish]play 1721
[Info][MotionAsSotaWish][play][talk] [1321sec]
[Info][SpeechRecog][getRecognition][Score:0.6643350521723429]
[Info][SpeechRecog]getName
[Info][SpeechRecog][getRecognition][Score:0.566481868426005]
[Info][SpeechRecog][getRecognition][Score:0.5506336291631062]ã„
[Info][SpeechRecog][getRecognition][Score:0.5464853843053181]äºŒ
[Info][SpeechRecog]getName
[Info][SpeechRecog][getRecognition][Score:0.7992226123809815]ã‚ã—ãŸ
[Info][SpeechRecog][getRecognition][Score:0.8084936141967773]æ˜æ—¥
[Info][SpeechRecog][getRecognition][Score:0.8309527397155763]ç”»
[Info][SpeechRecog]getName
[Info][MotionAsSotaWish][Say][scene:talk]ã‚ˆãèãå–ã‚Œãªã‹ã£ãŸ
[Info][TextToSpeechSota][TTS_USE_CACHE] /var/sota/tts//1494232730464.wav
[Info][CPlayWave]Play /var/sota/tts//1494232730464.wav
[Info][CPlayWave]isEdison
[Info][CPlayWave]play------- 21502
[Info][MotionAsSotaWish]play 1721
[Info][MotionAsSotaWish][play][talk] [1321sec]
[Info][SpeechRecog]getName
[Info][SpeechRecog][getRecognition][Score:0.7802921295166017]
[Info][SpeechRecog][getRecognition][Score:0.779521369934082]ã‚«ãƒ¼ãƒ‰
[Info][SpeechRecog][getRecognition][Score:0.7802466869354249]ã¯
[Info][SpeechRecog]getName
[Info][SpeechRecog][getRecognition][Score:0.8001968383789062]ç—…é™¢
[Info][SpeechRecog][getRecognition][Score:0.7824527104695638]äºŒ
[Info][SpeechRecog]getName
[Info][MotionAsSotaWish][Say][scene:talk]ã‚ˆãèãå–ã‚Œãªã‹ã£ãŸ
[Info][TextToSpeechSota][TTS_USE_CACHE] /var/sota/tts//1494232730464.wav
[Info][CPlayWave]Play /var/sota/tts//1494232730464.wav
[Info][CPlayWave]isEdison
[Info][CPlayWave]play------- 27800
[Info][MotionAsSotaWish]play 1721
[Info][MotionAsSotaWish][play][talk] [1321sec]
[Info][SpeechRecog][getRecognition][Score:0.8198840883043077]
[Info][SpeechRecog][getRecognition][Score:0.7740472157796223]ã‚ã—ãŸ
[Info][SpeechRecog][getRecognition][Score:0.8212787840101453]ãª
[Info][SpeechRecog][getRecognition][Score:0.7759139802720811]ã¯
[Info][SpeechRecog]getName
[Info][SpeechRecog][getRecognition][Score:0.7698235511779785]
[Info][SpeechRecog]getName
[Info][SpeechRecog][getRecognition][Score:0.7484356164932251]
[Info][SpeechRecog][getRecognition][Score:0.7483264207839966]ä»Š
[Info][SpeechRecog][getRecognition][Score:0.7523531913757324]æœ¬
[Info][SpeechRecog][getRecognition][Score:0.7804520130157471]äºŒ
[Info][SpeechRecog]getName
[Info][MotionAsSotaWish][Say][scene:talk]ã‚ˆãèãå–ã‚Œãªã‹ã£ãŸ
[Info][TextToSpeechSota][TTS_USE_CACHE] /var/sota/tts//1494232730464.wav
[Info][CPlayWave]Play /var/sota/tts//1494232730464.wav
[Info][CPlayWave]isEdison
[Info][CPlayWave]play------- 1703
[Info][MotionAsSotaWish]play 1721
[Info][MotionAsSotaWish][play][talk] [1321sec]
[Info][SpeechRecog][getRecognition][Score:0.7968594868977864]
[Info][SpeechRecog][getRecognition][Score:0.8084612528483073]æ­¯
[Info][SpeechRecog]getName
[Info][SpeechRecog]getName
[Info][SpeechRecog][getRecognition][Score:0.7560786671108669]
[Info][SpeechRecog][getRecognition][Score:0.7646819220648872]ã‚«ãƒ¼ãƒ‰
[Info][SpeechRecog][getRecognition][Score:0.7565015157063801]ã„
[Info][SpeechRecog]getName
[Info][MotionAsSotaWish][Say][scene:talk]ã‚ˆãèãå–ã‚Œãªã‹ã£ãŸ
[Info][TextToSpeechSota][TTS_USE_CACHE] /var/sota/tts//1494232730464.wav
[Info][CPlayWave]Play /var/sota/tts//1494232730464.wav
[Info][CPlayWave]isEdison
[Info][CPlayWave]play------- 8002
[Info][MotionAsSotaWish]play 1721
[Info][MotionAsSotaWish][play][talk] [1321sec]
[Info][SpeechRecog][getRecognition][Score:0.681092898050944]
[Info][SpeechRecog][getRecognition][Score:0.6712071100870768]ã„
[Info][SpeechRecog][getRecognition][Score:0.6695377031962076]ãŠ
[Info][SpeechRecog][getRecognition][Score:0.6715601285298665]äºŒ
[Info][SpeechRecog]getName
[Info][SpeechRecog][getRecognition][Score:0.5511812567710876]
[Info][SpeechRecog][getRecognition][Score:0.5373079180717468]ï½
[Info][SpeechRecog]getName
[Info][SpeechRecog][getRecognition][Score:0.6404164632161458]
[Info][SpeechRecog][getRecognition][Score:0.6306756337483723]ï½
[Info][SpeechRecog][getRecognition][Score:0.6309696833292643]ã„
[Info][SpeechRecog][getRecognition][Score:0.6298483610153198]ãŠ
[Info][SpeechRecog][getRecognition][Score:0.6302627722422282]äºŒ
[Info][SpeechRecog]getName
[Info][MotionAsSotaWish][Say][scene:talk]ã‚ˆãèãå–ã‚Œãªã‹ã£ãŸ
[Info][TextToSpeechSota][TTS_USE_CACHE] /var/sota/tts//1494232730464.wav
[Info][CPlayWave]Play /var/sota/tts//1494232730464.wav
[Info][CPlayWave]isEdison
[Info][CPlayWave]play------- 13013
[Info][MotionAsSotaWish]play 1721
[Info][MotionAsSotaWish][play][talk] [1321sec]
[Info][SpeechRecog][getRecognition][Score:0.6004176934560139]
[Info][SpeechRecog][getRecognition][Score:0.5907382567723591]å®¶
[Info][SpeechRecog][getRecognition][Score:0.6016928354899088]ã‹
[Info][SpeechRecog][getRecognition][Score:0.5931419134140015]äºŒ
[Info][SpeechRecog][getRecognition][Score:0.5947368542353312]ãŸ
[Info][SpeechRecog]getName
[Info][SpeechRecog][getRecognition][Score:0.8304271697998047]ã‚«ãƒ¼ãƒ‰
[Info][SpeechRecog][getRecognition][Score:0.8317174911499023]ä½•æ™‚
[Info][SpeechRecog][getRecognition][Score:0.7902079105377198]äºŒ
[Info][SpeechRecog][getRecognition][Score:0.8302953720092774]æœ¬
[Info][SpeechRecog][getRecognition][Score:0.8307590484619141]ï½ƒï½ï½
[Info][SpeechRecog]getName
[Info][SpeechRecog][getRecognition][Score:0.7467316150665284]ä¸€
[Info][SpeechRecog][getRecognition][Score:0.7473585605621338]å¸‚
[Info][SpeechRecog][getRecognition][Score:0.7776480674743653]ã‚«ãƒ¼ãƒ‰
[Info][SpeechRecog][getRecognition][Score:0.7473901271820069]è©©
[Info][SpeechRecog][getRecognition][Score:0.7482263088226319]ç”»
[Info][SpeechRecog]getName
[Info][MotionAsSotaWish][Say][scene:talk]ã‚ˆãèãå–ã‚Œãªã‹ã£ãŸ
[Info][TextToSpeechSota][TTS_USE_CACHE] /var/sota/tts//1494232730464.wav
[Info][CPlayWave]Play /var/sota/tts//1494232730464.wav
[Info][CPlayWave]isEdison
[Info][CPlayWave]play------- 19489
[Info][MotionAsSotaWish]play 1721
[Info][MotionAsSotaWish][play][talk] [1321sec]

kill ` jps|grep "^[0-9]\+ jar" |awk '{print $1}'`ä¸­æ–­ã—ã¾ã™ã€‚
exit
[1;32mroot@edison:~$[m 
[1;32mroot@edison:~$[m kill ` jps|greListening for transport dt_socket at address: 8765
p "^[0-main[1] > 9]\+ jar" |awk '{print $1}'`

ãƒ­ãƒœãƒƒãƒˆã¨ã®é€šä¿¡ã‚’åˆ‡æ–­ã—ã¾ã—ãŸã€‚
failed in sendDebugCommand:quit
StandardIn ãŒãƒªãƒ€ã‚¤ãƒ¬ã‚¯ãƒˆã•ã‚Œã¦ã„ã¾ã›ã‚“ã€‚